<?xml version="1.0" encoding="UTF-8"?>
<Site BuildName="Linux-g++-7"
	BuildStamp="20200410-1934-Experimental"
	Name="peterbrown-HP-ENVY-15-Notebook-PC"
	Generator="ctest-3.17.0"
	CompilerName="/usr/bin/g++-7"
	CompilerVersion="7.5.0"
	OSName="Linux"
	Hostname="peterbrown-HP-ENVY-15-Notebook-PC"
	OSRelease="5.3.0-46-generic"
	OSVersion="#38~18.04.1-Ubuntu SMP Tue Mar 31 04:17:56 UTC 2020"
	OSPlatform="x86_64"
	Is64Bits="1"
	VendorString="GenuineIntel"
	VendorID="Intel Corporation"
	FamilyID="6"
	ModelID="61"
	ProcessorCacheSize="4096"
	NumberOfLogicalCPU="4"
	NumberOfPhysicalCPU="2"
	TotalVirtualMemory="2047"
	TotalPhysicalMemory="7884"
	LogicalProcessorsPerPhysical="2"
	ProcessorClockFrequency="2895.72"
	>
	<Testing>
		<StartDateTime>Apr 10 22:44 CEST</StartDateTime>
		<StartTestTime>1586551498</StartTestTime>
		<TestList/>
		<EndDateTime>Apr 10 22:44 CEST</EndDateTime>
		<EndTestTime>1586551498</EndTestTime>
		<ElapsedMinutes>0</ElapsedMinutes>
	</Testing>
</Site>
